<?xml version="1.0" encoding="UTF-8"?>
<!-- Generated by org.testng.reporters.JUnitXMLReporter -->
<testsuite hostname="LAPTOP-NGR33FRN" ignored="1" name="GroupTest" tests="10" failures="0" timestamp="01 Jun 2019 14:21:30 GMT" time="0.062" errors="0">
  <testcase name="openBrowser" time="0.015" classname="practiceMaven.PriorityTest"/>
  <testcase name="EnabledMethod" time="0.0" classname="practiceMaven.EnableDisableTest"/>
  <testcase name="skipMethod" time="0.0" classname="practiceMaven.Exceptions"/>
  <testcase name="sanityTest" time="0.0" classname="practiceMaven.Exceptions"/>
  <testcase name="arithmeticError" time="0.0" classname="practiceMaven.Exceptions"/>
  <testcase name="arithmeticNoError" time="0.016" classname="practiceMaven.Exceptions"/>
  <testcase name="advanceSearch" time="0.0" classname="practiceMaven.PriorityTest"/>
  <testcase name="setup" time="0.0" classname="practiceMaven.PriorityTest"/>
  <testcase name="asearch1" time="0.0" classname="practiceMaven.PriorityTest"/>
  <testcase name="search" time="0.0" classname="practiceMaven.PriorityTest"/>
  <testcase name="disabledMethod" time="0.0" classname="practiceMaven.EnableDisableTest">
    <ignored/>
  </testcase> <!-- disabledMethod -->
</testsuite> <!-- GroupTest -->
